<?xml version="1.0" encoding="UTF-8"?>
<!-- Generated by org.testng.reporters.JUnitXMLReporter -->
<testsuite hostname="SPT-CPU-0299" name="Default test(failed)(failed)" tests="1" failures="1" timestamp="14 Sep 2015 12:57:16 GMT" time="43.085" errors="0">
  <testcase name="ProceedWithTesting" time="39.126" classname="SmokeTesting.SmokeTesting">
    <failure type="java.lang.NullPointerException">
      <![CDATA[java.lang.NullPointerException
	at GenericFunctions.GenericCode.ControlToUse(GenericCode.java:649)
	at SmokeTesting.SmokeTesting.ProceedWithTesting(SmokeTesting.java:269)
... Removed 24 stack frames]]>
    </failure>
  </testcase> <!-- ProceedWithTesting -->
</testsuite> <!-- Default test(failed)(failed) -->
