<?xml version="1.0" encoding="UTF-8"?>
<testng-results skipped="0" failed="1" total="1" passed="0">
  <reporter-output>
  </reporter-output>
  <suite name="Default suite" duration-ms="823873" started-at="2016-11-01T06:27:37Z" finished-at="2016-11-01T06:41:21Z">
    <groups>
    </groups>
    <test name="Default test" duration-ms="823873" started-at="2016-11-01T06:27:37Z" finished-at="2016-11-01T06:41:21Z">
      <class name="ezjems.SmokeTestWinium">
        <test-method status="PASS" signature="InitializeForTesting()[pri:0, instance:ezjems.SmokeTestWinium@91161c7]" name="InitializeForTesting" is-config="true" duration-ms="281" started-at="2016-11-01T11:57:37Z" finished-at="2016-11-01T11:57:38Z">
          <reporter-output>
          </reporter-output>
        </test-method> <!-- InitializeForTesting -->
        <test-method status="FAIL" signature="ProceedWithTesting()[pri:0, instance:ezjems.SmokeTestWinium@91161c7]" name="ProceedWithTesting" duration-ms="823463" started-at="2016-11-01T11:57:38Z" finished-at="2016-11-01T12:11:21Z">
          <exception class="java.lang.NullPointerException">
            <full-stacktrace>
              <![CDATA[java.lang.NullPointerException
	at ezjems.SmokeTestWinium.ProceedWithTesting(SmokeTestWinium.java:212)
	at sun.reflect.NativeMethodAccessorImpl.invoke0(Native Method)
	at sun.reflect.NativeMethodAccessorImpl.invoke(Unknown Source)
	at sun.reflect.DelegatingMethodAccessorImpl.invoke(Unknown Source)
	at java.lang.reflect.Method.invoke(Unknown Source)
	at org.testng.internal.MethodInvocationHelper.invokeMethod(MethodInvocationHelper.java:85)
	at org.testng.internal.Invoker.invokeMethod(Invoker.java:639)
	at org.testng.internal.Invoker.invokeTestMethod(Invoker.java:816)
	at org.testng.internal.Invoker.invokeTestMethods(Invoker.java:1124)
	at org.testng.internal.TestMethodWorker.invokeTestMethods(TestMethodWorker.java:125)
	at org.testng.internal.TestMethodWorker.run(TestMethodWorker.java:108)
	at org.testng.TestRunner.privateRun(TestRunner.java:774)
	at org.testng.TestRunner.run(TestRunner.java:624)
	at org.testng.SuiteRunner.runTest(SuiteRunner.java:359)
	at org.testng.SuiteRunner.runSequentially(SuiteRunner.java:354)
	at org.testng.SuiteRunner.privateRun(SuiteRunner.java:312)
	at org.testng.SuiteRunner.run(SuiteRunner.java:261)
	at org.testng.SuiteRunnerWorker.runSuite(SuiteRunnerWorker.java:52)
	at org.testng.SuiteRunnerWorker.run(SuiteRunnerWorker.java:86)
	at org.testng.TestNG.runSuitesSequentially(TestNG.java:1215)
	at org.testng.TestNG.runSuitesLocally(TestNG.java:1140)
	at org.testng.TestNG.run(TestNG.java:1048)
	at org.testng.remote.AbstractRemoteTestNG.run(AbstractRemoteTestNG.java:126)
	at org.testng.remote.RemoteTestNG.initAndRun(RemoteTestNG.java:152)
	at org.testng.remote.RemoteTestNG.main(RemoteTestNG.java:57)
]]>
            </full-stacktrace>
          </exception> <!-- java.lang.NullPointerException -->
          <reporter-output>
          </reporter-output>
        </test-method> <!-- ProceedWithTesting -->
        <test-method status="PASS" signature="CloseAfterTesting()[pri:0, instance:ezjems.SmokeTestWinium@91161c7]" name="CloseAfterTesting" is-config="true" duration-ms="55" started-at="2016-11-01T12:11:21Z" finished-at="2016-11-01T12:11:21Z">
          <reporter-output>
          </reporter-output>
        </test-method> <!-- CloseAfterTesting -->
      </class> <!-- ezjems.SmokeTestWinium -->
    </test> <!-- Default test -->
  </suite> <!-- Default suite -->
</testng-results>
