<?xml version="1.0" encoding="UTF-8"?>
<testng-results skipped="1" failed="0" total="1" passed="0">
  <reporter-output>
  </reporter-output>
  <suite name="Default suite" duration-ms="82" started-at="2018-01-23T13:05:02Z" finished-at="2018-01-23T13:05:02Z">
    <groups>
    </groups>
    <test name="Default test" duration-ms="82" started-at="2018-01-23T13:05:02Z" finished-at="2018-01-23T13:05:02Z">
      <class name="SmokeTesting.SmokeTesting">
        <test-method status="FAIL" signature="InitializeForTesting()[pri:0, instance:SmokeTesting.SmokeTesting@6cc4c815]" name="InitializeForTesting" is-config="true" duration-ms="0" started-at="2018-01-23T18:35:02Z" finished-at="2018-01-23T18:35:02Z">
          <exception class="java.lang.NullPointerException">
            <full-stacktrace>
              <![CDATA[java.lang.NullPointerException
	at SmokeTesting.ExcelFunctions.FindValueInExcelSheet(ExcelFunctions.java:35)
	at SmokeTesting.SmokeTesting.InitializeForTesting(SmokeTesting.java:89)
	at sun.reflect.NativeMethodAccessorImpl.invoke0(Native Method)
	at sun.reflect.NativeMethodAccessorImpl.invoke(Unknown Source)
	at sun.reflect.DelegatingMethodAccessorImpl.invoke(Unknown Source)
	at java.lang.reflect.Method.invoke(Unknown Source)
	at org.testng.internal.MethodInvocationHelper.invokeMethod(MethodInvocationHelper.java:85)
	at org.testng.internal.Invoker.invokeConfigurationMethod(Invoker.java:510)
	at org.testng.internal.Invoker.invokeConfigurations(Invoker.java:211)
	at org.testng.internal.Invoker.invokeConfigurations(Invoker.java:138)
	at org.testng.TestRunner.beforeRun(TestRunner.java:647)
	at org.testng.TestRunner.run(TestRunner.java:615)
	at org.testng.SuiteRunner.runTest(SuiteRunner.java:357)
	at org.testng.SuiteRunner.runSequentially(SuiteRunner.java:352)
	at org.testng.SuiteRunner.privateRun(SuiteRunner.java:310)
	at org.testng.SuiteRunner.run(SuiteRunner.java:259)
	at org.testng.SuiteRunnerWorker.runSuite(SuiteRunnerWorker.java:52)
	at org.testng.SuiteRunnerWorker.run(SuiteRunnerWorker.java:86)
	at org.testng.TestNG.runSuitesSequentially(TestNG.java:1185)
	at org.testng.TestNG.runSuitesLocally(TestNG.java:1110)
	at org.testng.TestNG.run(TestNG.java:1018)
	at org.testng.remote.AbstractRemoteTestNG.run(AbstractRemoteTestNG.java:126)
	at org.testng.remote.RemoteTestNG.initAndRun(RemoteTestNG.java:152)
	at org.testng.remote.RemoteTestNG.main(RemoteTestNG.java:57)
]]>
            </full-stacktrace>
          </exception> <!-- java.lang.NullPointerException -->
          <reporter-output>
          </reporter-output>
        </test-method> <!-- InitializeForTesting -->
        <test-method status="SKIP" signature="ProceedWithTesting()[pri:0, instance:SmokeTesting.SmokeTesting@6cc4c815]" name="ProceedWithTesting" duration-ms="2" started-at="2018-01-23T18:35:02Z" finished-at="2018-01-23T18:35:02Z">
          <reporter-output>
          </reporter-output>
        </test-method> <!-- ProceedWithTesting -->
        <test-method status="SKIP" signature="CloseAfterTesting()[pri:0, instance:SmokeTesting.SmokeTesting@6cc4c815]" name="CloseAfterTesting" is-config="true" duration-ms="0" started-at="2018-01-23T18:35:02Z" finished-at="2018-01-23T18:35:02Z">
          <reporter-output>
          </reporter-output>
        </test-method> <!-- CloseAfterTesting -->
      </class> <!-- SmokeTesting.SmokeTesting -->
    </test> <!-- Default test -->
  </suite> <!-- Default suite -->
</testng-results>
